docker compose run --rm frontend sh -c "yarn create react-app web_ui --template typescript"
yarn create v1.22.19
[1/4] Resolving packages...
warning create-react-app > tar-pack > tar@2.2.2: This version of tar is no longer supported, and will not receive security updates. Please upgrade asap.
[2/4] Fetching packages...
[3/4] Linking dependencies...
[4/4] Building fresh packages...

success Installed "create-react-app@5.0.1" with binaries:
      - create-react-app
[####################################################################] 68/68
Creating a new React app in /usr/src/app/web_ui.

Installing packages. This might take a couple of minutes.
Installing react, react-dom, and react-scripts with cra-template-typescript...

yarn add v1.22.19
info No lockfile found.
[1/4] Resolving packages...
warning react-scripts > workbox-webpack-plugin@6.6.1: this package has been deprecated
warning react-scripts > workbox-webpack-plugin > workbox-build@6.6.1: this package has been deprecated
warning react-scripts > @svgr/webpack > @svgr/plugin-svgo > svgo@1.3.2: This SVGO version is no longer supported. Upgrade to v2.x.x.
warning react-scripts > workbox-webpack-plugin > workbox-build > rollup-plugin-terser@7.0.2: This package has been deprecated and is no longer maintained. Please use @rollup/plugin-terser
warning react-scripts > workbox-webpack-plugin > workbox-build > workbox-background-sync@6.6.1: this package has been deprecated
warning react-scripts > workbox-webpack-plugin > workbox-build > workbox-broadcast-update@6.6.1: this package has been deprecated
warning react-scripts > workbox-webpack-plugin > workbox-build > workbox-cacheable-response@6.6.1: workbox-background-sync@6.6.1
warning react-scripts > workbox-webpack-plugin > workbox-build > workbox-expiration@6.6.1: this package has been deprecated
warning react-scripts > workbox-webpack-plugin > workbox-build > workbox-core@6.6.1: this package has been deprecated
warning react-scripts > workbox-webpack-plugin > workbox-build > workbox-background-sync > workbox-core@6.6.1: this package has been deprecated
warning react-scripts > workbox-webpack-plugin > workbox-build > workbox-broadcast-update > workbox-core@6.6.1: this package has been deprecated
warning react-scripts > workbox-webpack-plugin > workbox-build > workbox-cacheable-response > workbox-core@6.6.1: this package has been deprecated
warning react-scripts > workbox-webpack-plugin > workbox-build > workbox-expiration > workbox-core@6.6.1: this package has been deprecated
warning react-scripts > workbox-webpack-plugin > workbox-build > workbox-google-analytics@6.6.1: this package has been deprecated
warning react-scripts > workbox-webpack-plugin > workbox-build > workbox-google-analytics > workbox-background-sync@6.6.1: this package has been deprecated
warning react-scripts > workbox-webpack-plugin > workbox-build > workbox-google-analytics > workbox-core@6.6.1: this package has been deprecated
warning react-scripts > workbox-webpack-plugin > workbox-build > workbox-navigation-preload@6.6.1: this package has been deprecated
warning react-scripts > workbox-webpack-plugin > workbox-build > workbox-navigation-preload > workbox-core@6.6.1: this package has been deprecated
warning react-scripts > workbox-webpack-plugin > workbox-build > workbox-precaching@6.6.1: this package has been deprecated
warning react-scripts > workbox-webpack-plugin > workbox-build > workbox-precaching > workbox-core@6.6.1: this package has been deprecated
warning react-scripts > workbox-webpack-plugin > workbox-build > workbox-recipes@6.6.1: this package has been deprecated
warning react-scripts > workbox-webpack-plugin > workbox-build > workbox-recipes > workbox-cacheable-response@6.6.1: workbox-background-sync@6.6.1
warning react-scripts > workbox-webpack-plugin > workbox-build > workbox-recipes > workbox-core@6.6.1: this package has been deprecated
warning react-scripts > workbox-webpack-plugin > workbox-build > workbox-recipes > workbox-expiration@6.6.1: this package has been deprecated
warning react-scripts > workbox-webpack-plugin > workbox-build > workbox-recipes > workbox-precaching@6.6.1: this package has been deprecated
warning react-scripts > workbox-webpack-plugin > workbox-build > workbox-range-requests@6.6.1: this package has been deprecated
warning react-scripts > workbox-webpack-plugin > workbox-build > workbox-range-requests > workbox-core@6.6.1: this package has been deprecated
warning react-scripts > workbox-webpack-plugin > workbox-build > workbox-strategies@6.6.1: this package has been deprecated
warning react-scripts > workbox-webpack-plugin > workbox-build > workbox-google-analytics > workbox-strategies@6.6.1: this package has been deprecated
warning react-scripts > workbox-webpack-plugin > workbox-build > workbox-precaching > workbox-strategies@6.6.1: this package has been deprecated
warning react-scripts > workbox-webpack-plugin > workbox-build > workbox-recipes > workbox-strategies@6.6.1: this package has been deprecated
warning react-scripts > workbox-webpack-plugin > workbox-build > workbox-strategies > workbox-core@6.6.1: this package has been deprecated
warning react-scripts > workbox-webpack-plugin > workbox-build > workbox-streams@6.6.1: this package has been deprecated
warning react-scripts > workbox-webpack-plugin > workbox-build > workbox-streams > workbox-core@6.6.1: this package has been deprecated
warning react-scripts > workbox-webpack-plugin > workbox-build > workbox-window@6.6.1: this package has been deprecated
warning react-scripts > workbox-webpack-plugin > workbox-build > workbox-window > workbox-core@6.6.1: this package has been deprecated
warning react-scripts > workbox-webpack-plugin > workbox-build > workbox-routing@6.6.1: this package has been deprecated
warning react-scripts > workbox-webpack-plugin > workbox-build > workbox-google-analytics > workbox-routing@6.6.1: this package has been deprecated
warning react-scripts > workbox-webpack-plugin > workbox-build > workbox-precaching > workbox-routing@6.6.1: this package has been deprecated
warning react-scripts > workbox-webpack-plugin > workbox-build > workbox-recipes > workbox-routing@6.6.1: this package has been deprecated
warning react-scripts > workbox-webpack-plugin > workbox-build > workbox-streams > workbox-routing@6.6.1: this package has been deprecated
warning react-scripts > workbox-webpack-plugin > workbox-build > workbox-routing > workbox-core@6.6.1: this package has been deprecated
warning react-scripts > workbox-webpack-plugin > workbox-build > workbox-sw@6.6.1: this package has been deprecated
warning react-scripts > @svgr/webpack > @svgr/plugin-svgo > svgo > stable@0.1.8: Modern JS already guarantees Array#sort() is a stable sort, so this library is deprecated. See the compatibility table on MDN: https://developer.mozilla.org/en-US/docs/Web/JavaScript/Reference/Global_Objects/Array/sort#browser_compatibility
warning react-scripts > css-minimizer-webpack-plugin > cssnano > cssnano-preset-default > postcss-svgo > svgo > stable@0.1.8: Modern JS already guarantees Array#sort() is a stable sort, so this library is deprecated. See the compatibility table on MDN: https://developer.mozilla.org/en-US/docs/Web/JavaScript/Reference/Global_Objects/Array/sort#browser_compatibility
warning react-scripts > workbox-webpack-plugin > workbox-build > @surma/rollup-plugin-off-main-thread > magic-string > sourcemap-codec@1.4.8: Please use @jridgewell/sourcemap-codec instead
warning react-scripts > jest > jest-cli > jest-config > jest-environment-jsdom > jsdom > w3c-hr-time@1.0.2: Use your platform's native performance.now() and performance.timeOrigin.
[2/4] Fetching packages...
[3/4] Linking dependencies...
warning "react-scripts > eslint-config-react-app > eslint-plugin-flowtype@8.0.3" has unmet peer dependency "@babel/plugin-syntax-flow@^7.14.5".
warning "react-scripts > eslint-config-react-app > eslint-plugin-flowtype@8.0.3" has unmet peer dependency "@babel/plugin-transform-react-jsx@^7.14.9".
warning "react-scripts > react-dev-utils > fork-ts-checker-webpack-plugin@6.5.3" has unmet peer dependency "typescript@>= 2.7".
warning "react-scripts > eslint-config-react-app > @typescript-eslint/eslint-plugin > tsutils@3.21.0" has unmet peer dependency "typescript@>=2.8.0 || >= 3.2.0-dev || >= 3.3.0-dev || >= 3.4.0-dev || >= 3.5.0-dev || >= 3.6.0-dev || >= 3.6.0-beta || >= 3.7.0-dev || >= 3.7.0-beta".
[4/4] Building fresh packages...
success Saved lockfile.
success Saved 781 new dependencies.
info Direct dependencies
├─ cra-template-typescript@1.2.0
├─ react-dom@18.2.0
├─ react-scripts@5.0.1
└─ react@18.2.0
info All dependencies
├─ @alloc/quick-lru@5.2.0
├─ @ampproject/remapping@2.2.1
├─ @babel/code-frame@7.22.5
├─ @babel/compat-data@7.22.5
├─ @babel/core@7.22.5
├─ @babel/eslint-parser@7.22.5
├─ @babel/generator@7.22.5
├─ @babel/helper-builder-binary-assignment-operator-visitor@7.22.5
├─ @babel/helper-compilation-targets@7.22.5
├─ @babel/helper-module-imports@7.22.5
├─ @babel/helper-string-parser@7.22.5
├─ @babel/helper-wrap-function@7.22.5
├─ @babel/helpers@7.22.5
├─ @babel/highlight@7.22.5
├─ @babel/parser@7.22.5
├─ @babel/plugin-bugfix-safari-id-destructuring-collision-in-function-expression@7.22.5
├─ @babel/plugin-bugfix-v8-spread-parameters-in-optional-chaining@7.22.5
├─ @babel/plugin-proposal-class-properties@7.18.6
├─ @babel/plugin-proposal-decorators@7.22.5
├─ @babel/plugin-proposal-nullish-coalescing-operator@7.18.6
├─ @babel/plugin-proposal-numeric-separator@7.18.6
├─ @babel/plugin-proposal-optional-chaining@7.21.0
├─ @babel/plugin-proposal-private-methods@7.18.6
├─ @babel/plugin-proposal-private-property-in-object@7.21.0-placeholder-for-preset-env.2
├─ @babel/plugin-proposal-unicode-property-regex@7.18.6
├─ @babel/plugin-syntax-bigint@7.8.3
├─ @babel/plugin-syntax-class-properties@7.12.13
├─ @babel/plugin-syntax-decorators@7.22.5
├─ @babel/plugin-syntax-flow@7.22.5
├─ @babel/plugin-syntax-import-assertions@7.22.5
├─ @babel/plugin-syntax-import-attributes@7.22.5
├─ @babel/plugin-syntax-import-meta@7.10.4
├─ @babel/plugin-syntax-logical-assignment-operators@7.10.4
├─ @babel/plugin-syntax-numeric-separator@7.10.4
├─ @babel/plugin-syntax-top-level-await@7.14.5
├─ @babel/plugin-syntax-typescript@7.22.5
├─ @babel/plugin-syntax-unicode-sets-regex@7.18.6
├─ @babel/plugin-transform-arrow-functions@7.22.5
├─ @babel/plugin-transform-async-generator-functions@7.22.5
├─ @babel/plugin-transform-async-to-generator@7.22.5
├─ @babel/plugin-transform-block-scoped-functions@7.22.5
├─ @babel/plugin-transform-block-scoping@7.22.5
├─ @babel/plugin-transform-class-properties@7.22.5
├─ @babel/plugin-transform-class-static-block@7.22.5
├─ @babel/plugin-transform-classes@7.22.5
├─ @babel/plugin-transform-computed-properties@7.22.5
├─ @babel/plugin-transform-destructuring@7.22.5
├─ @babel/plugin-transform-dotall-regex@7.22.5
├─ @babel/plugin-transform-duplicate-keys@7.22.5
├─ @babel/plugin-transform-dynamic-import@7.22.5
├─ @babel/plugin-transform-exponentiation-operator@7.22.5
├─ @babel/plugin-transform-export-namespace-from@7.22.5
├─ @babel/plugin-transform-flow-strip-types@7.22.5
├─ @babel/plugin-transform-for-of@7.22.5
├─ @babel/plugin-transform-function-name@7.22.5
├─ @babel/plugin-transform-json-strings@7.22.5
├─ @babel/plugin-transform-literals@7.22.5
├─ @babel/plugin-transform-logical-assignment-operators@7.22.5
├─ @babel/plugin-transform-member-expression-literals@7.22.5
├─ @babel/plugin-transform-modules-amd@7.22.5
├─ @babel/plugin-transform-modules-systemjs@7.22.5
├─ @babel/plugin-transform-modules-umd@7.22.5
├─ @babel/plugin-transform-named-capturing-groups-regex@7.22.5
├─ @babel/plugin-transform-new-target@7.22.5
├─ @babel/plugin-transform-nullish-coalescing-operator@7.22.5
├─ @babel/plugin-transform-numeric-separator@7.22.5
├─ @babel/plugin-transform-object-rest-spread@7.22.5
├─ @babel/plugin-transform-object-super@7.22.5
├─ @babel/plugin-transform-optional-catch-binding@7.22.5
├─ @babel/plugin-transform-private-methods@7.22.5
├─ @babel/plugin-transform-private-property-in-object@7.22.5
├─ @babel/plugin-transform-property-literals@7.22.5
├─ @babel/plugin-transform-react-constant-elements@7.22.5
├─ @babel/plugin-transform-react-display-name@7.22.5
├─ @babel/plugin-transform-react-jsx-development@7.22.5
├─ @babel/plugin-transform-react-pure-annotations@7.22.5
├─ @babel/plugin-transform-regenerator@7.22.5
├─ @babel/plugin-transform-reserved-words@7.22.5
├─ @babel/plugin-transform-runtime@7.22.5
├─ @babel/plugin-transform-shorthand-properties@7.22.5
├─ @babel/plugin-transform-spread@7.22.5
├─ @babel/plugin-transform-sticky-regex@7.22.5
├─ @babel/plugin-transform-template-literals@7.22.5
├─ @babel/plugin-transform-typeof-symbol@7.22.5
├─ @babel/plugin-transform-typescript@7.22.5
├─ @babel/plugin-transform-unicode-escapes@7.22.5
├─ @babel/plugin-transform-unicode-property-regex@7.22.5
├─ @babel/plugin-transform-unicode-regex@7.22.5
├─ @babel/plugin-transform-unicode-sets-regex@7.22.5
├─ @babel/preset-env@7.22.5
├─ @babel/preset-modules@0.1.5
├─ @babel/preset-react@7.22.5
├─ @babel/preset-typescript@7.22.5
├─ @babel/regjsgen@0.8.0
├─ @babel/runtime@7.22.5
├─ @bcoe/v8-coverage@0.2.3
├─ @csstools/normalize.css@12.0.0
├─ @csstools/postcss-cascade-layers@1.1.1
├─ @csstools/postcss-color-function@1.1.1
├─ @csstools/postcss-font-format-keywords@1.0.1
├─ @csstools/postcss-hwb-function@1.0.2
├─ @csstools/postcss-ic-unit@1.0.1
├─ @csstools/postcss-is-pseudo-class@2.0.7
├─ @csstools/postcss-nested-calc@1.0.0
├─ @csstools/postcss-normalize-display-values@1.0.1
├─ @csstools/postcss-oklab-function@1.1.1
├─ @csstools/postcss-stepped-value-functions@1.0.1
├─ @csstools/postcss-text-decoration-shorthand@1.0.0
├─ @csstools/postcss-trigonometric-functions@1.0.2
├─ @csstools/postcss-unset-value@1.0.2
├─ @eslint/eslintrc@2.0.3
├─ @eslint/js@8.43.0
├─ @humanwhocodes/config-array@0.11.10
├─ @humanwhocodes/module-importer@1.0.1
├─ @humanwhocodes/object-schema@1.2.1
├─ @istanbuljs/load-nyc-config@1.1.0
├─ @jest/globals@27.5.1
├─ @jest/reporters@27.5.1
├─ @jest/test-sequencer@27.5.1
├─ @jridgewell/resolve-uri@3.1.0
├─ @jridgewell/set-array@1.1.2
├─ @jridgewell/source-map@0.3.3
├─ @jridgewell/sourcemap-codec@1.4.14
├─ @leichtgewicht/ip-codec@2.0.4
├─ @nicolo-ribaudo/eslint-scope-5-internals@5.1.1-v1
├─ @nodelib/fs.scandir@2.1.5
├─ @nodelib/fs.stat@2.0.5
├─ @nodelib/fs.walk@1.2.8
├─ @pmmmwh/react-refresh-webpack-plugin@0.5.10
├─ @rollup/plugin-babel@5.3.1
├─ @rollup/plugin-node-resolve@11.2.1
├─ @rollup/plugin-replace@2.4.2
├─ @rushstack/eslint-patch@1.3.2
├─ @sinclair/typebox@0.24.51
├─ @sinonjs/commons@1.8.6
├─ @sinonjs/fake-timers@8.1.0
├─ @surma/rollup-plugin-off-main-thread@2.2.3
├─ @svgr/babel-plugin-add-jsx-attribute@5.4.0
├─ @svgr/babel-plugin-remove-jsx-attribute@5.4.0
├─ @svgr/babel-plugin-remove-jsx-empty-expression@5.0.1
├─ @svgr/babel-plugin-replace-jsx-attribute-value@5.0.1
├─ @svgr/babel-plugin-svg-dynamic-title@5.4.0
├─ @svgr/babel-plugin-svg-em-dimensions@5.4.0
├─ @svgr/babel-plugin-transform-react-native-svg@5.4.0
├─ @svgr/babel-plugin-transform-svg-component@5.5.0
├─ @svgr/babel-preset@5.5.0
├─ @svgr/core@5.5.0
├─ @svgr/hast-util-to-babel-ast@5.5.0
├─ @svgr/plugin-svgo@5.5.0
├─ @svgr/webpack@5.5.0
├─ @tootallnate/once@1.1.2
├─ @trysound/sax@0.2.0
├─ @types/babel__core@7.20.1
├─ @types/babel__generator@7.6.4
├─ @types/babel__template@7.4.1
├─ @types/babel__traverse@7.20.1
├─ @types/body-parser@1.19.2
├─ @types/bonjour@3.5.10
├─ @types/connect-history-api-fallback@1.5.0
├─ @types/connect@3.4.35
├─ @types/eslint-scope@3.7.4
├─ @types/eslint@8.40.2
├─ @types/express-serve-static-core@4.17.35
├─ @types/express@4.17.17
├─ @types/graceful-fs@4.1.6
├─ @types/html-minifier-terser@6.1.0
├─ @types/http-proxy@1.17.11
├─ @types/istanbul-lib-coverage@2.0.4
├─ @types/istanbul-lib-report@3.0.0
├─ @types/json5@0.0.29
├─ @types/mime@3.0.1
├─ @types/prettier@2.7.3
├─ @types/q@1.5.5
├─ @types/range-parser@1.2.4
├─ @types/resolve@1.17.1
├─ @types/retry@0.12.0
├─ @types/semver@7.5.0
├─ @types/send@0.17.1
├─ @types/serve-index@1.9.1
├─ @types/serve-static@1.15.1
├─ @types/sockjs@0.3.33
├─ @types/trusted-types@2.0.3
├─ @types/ws@8.5.5
├─ @types/yargs@16.0.5
├─ @typescript-eslint/eslint-plugin@5.59.11
├─ @typescript-eslint/experimental-utils@5.59.11
├─ @typescript-eslint/parser@5.59.11
├─ @typescript-eslint/type-utils@5.59.11
├─ @webassemblyjs/floating-point-hex-parser@1.11.6
├─ @webassemblyjs/helper-numbers@1.11.6
├─ @webassemblyjs/helper-wasm-section@1.11.6
├─ @webassemblyjs/wasm-edit@1.11.6
├─ @webassemblyjs/wasm-opt@1.11.6
├─ @webassemblyjs/wast-printer@1.11.6
├─ @xtuc/ieee754@1.2.0
├─ abab@2.0.6
├─ accepts@1.3.8
├─ acorn-globals@6.0.0
├─ acorn-import-assertions@1.9.0
├─ acorn-jsx@5.3.2
├─ acorn-walk@7.2.0
├─ acorn@8.9.0
├─ address@1.2.2
├─ adjust-sourcemap-loader@4.0.0
├─ ajv-keywords@3.5.2
├─ ansi-styles@4.3.0
├─ anymatch@3.1.3
├─ arg@5.0.2
├─ argparse@1.0.10
├─ aria-query@5.2.1
├─ array-buffer-byte-length@1.0.0
├─ array-flatten@1.1.1
├─ array-includes@3.1.6
├─ array-union@2.1.0
├─ array.prototype.flat@1.3.1
├─ array.prototype.reduce@1.0.5
├─ array.prototype.tosorted@1.1.1
├─ asap@2.0.6
├─ ast-types-flow@0.0.7
├─ async@3.2.4
├─ asynckit@0.4.0
├─ at-least-node@1.0.0
├─ autoprefixer@10.4.14
├─ axe-core@4.7.2
├─ axobject-query@3.2.1
├─ babel-jest@27.5.1
├─ babel-loader@8.3.0
├─ babel-plugin-jest-hoist@27.5.1
├─ babel-plugin-macros@3.1.0
├─ babel-plugin-named-asset-import@0.3.8
├─ babel-plugin-transform-react-remove-prop-types@0.4.24
├─ babel-preset-jest@27.5.1
├─ batch@0.6.1
├─ bfj@7.0.2
├─ big.js@5.2.2
├─ binary-extensions@2.2.0
├─ bluebird@3.7.2
├─ body-parser@1.20.1
├─ bonjour-service@1.1.1
├─ brace-expansion@1.1.11
├─ braces@3.0.2
├─ browser-process-hrtime@1.0.0
├─ bser@2.1.1
├─ buffer-from@1.1.2
├─ builtin-modules@3.3.0
├─ camel-case@4.1.2
├─ camelcase-css@2.0.1
├─ caniuse-lite@1.0.30001504
├─ case-sensitive-paths-webpack-plugin@2.4.0
├─ chalk@4.1.2
├─ char-regex@1.0.2
├─ check-types@11.2.2
├─ chokidar@3.5.3
├─ chrome-trace-event@1.0.3
├─ cjs-module-lexer@1.2.3
├─ clean-css@5.3.2
├─ cliui@7.0.4
├─ coa@2.0.2
├─ color-convert@2.0.1
├─ color-name@1.1.4
├─ combined-stream@1.0.8
├─ commander@2.20.3
├─ common-path-prefix@3.0.0
├─ common-tags@1.8.2
├─ commondir@1.0.1
├─ compressible@2.0.18
├─ compression@1.7.4
├─ concat-map@0.0.1
├─ confusing-browser-globals@1.0.11
├─ connect-history-api-fallback@2.0.0
├─ content-disposition@0.5.4
├─ convert-source-map@1.9.0
├─ cookie-signature@1.0.6
├─ cookie@0.5.0
├─ core-js-compat@3.31.0
├─ core-js-pure@3.31.0
├─ core-js@3.31.0
├─ core-util-is@1.0.3
├─ cra-template-typescript@1.2.0
├─ crypto-random-string@2.0.0
├─ css-blank-pseudo@3.0.3
├─ css-declaration-sorter@6.4.0
├─ css-has-pseudo@3.0.4
├─ css-loader@6.8.1
├─ css-minimizer-webpack-plugin@3.4.1
├─ css-prefers-color-scheme@6.0.3
├─ css-select-base-adapter@0.1.1
├─ css-tree@1.1.3
├─ css-what@6.1.0
├─ cssdb@7.6.0
├─ cssesc@3.0.0
├─ cssnano-preset-default@5.2.14
├─ cssnano@5.1.15
├─ csso@4.2.0
├─ cssstyle@2.3.0
├─ damerau-levenshtein@1.0.8
├─ data-urls@2.0.0
├─ decimal.js@10.4.3
├─ dedent@0.7.0
├─ deep-is@0.1.4
├─ default-gateway@6.0.3
├─ define-lazy-prop@2.0.0
├─ delayed-stream@1.0.0
├─ detect-newline@3.1.0
├─ detect-node@2.1.0
├─ detect-port-alt@1.1.6
├─ didyoumean@1.2.2
├─ diff-sequences@27.5.1
├─ dir-glob@3.0.1
├─ dlv@1.1.3
├─ dns-equal@1.0.0
├─ dns-packet@5.6.0
├─ dom-converter@0.2.0
├─ dom-serializer@1.4.1
├─ domexception@2.0.1
├─ domutils@2.8.0
├─ dot-case@3.0.4
├─ dotenv-expand@5.1.0
├─ dotenv@10.0.0
├─ duplexer@0.1.2
├─ ee-first@1.1.1
├─ ejs@3.1.9
├─ electron-to-chromium@1.4.433
├─ emoji-regex@9.2.2
├─ emojis-list@3.0.0
├─ enhanced-resolve@5.15.0
├─ error-ex@1.3.2
├─ error-stack-parser@2.1.4
├─ es-abstract@1.21.2
├─ es-array-method-boxes-properly@1.0.0
├─ es-module-lexer@1.3.0
├─ es-set-tostringtag@2.0.1
├─ es-to-primitive@1.2.1
├─ escodegen@2.0.0
├─ eslint-config-react-app@7.0.1
├─ eslint-import-resolver-node@0.3.7
├─ eslint-module-utils@2.8.0
├─ eslint-plugin-flowtype@8.0.3
├─ eslint-plugin-import@2.27.5
├─ eslint-plugin-jest@25.7.0
├─ eslint-plugin-jsx-a11y@6.7.1
├─ eslint-plugin-react-hooks@4.6.0
├─ eslint-plugin-react@7.32.2
├─ eslint-plugin-testing-library@5.11.0
├─ eslint-webpack-plugin@3.2.0
├─ eslint@8.43.0
├─ esprima@4.0.1
├─ esquery@1.5.0
├─ estree-walker@1.0.1
├─ eventemitter3@4.0.7
├─ events@3.3.0
├─ express@4.18.2
├─ fast-glob@3.2.12
├─ fast-levenshtein@2.0.6
├─ fastq@1.15.0
├─ faye-websocket@0.11.4
├─ fb-watchman@2.0.2
├─ file-entry-cache@6.0.1
├─ file-loader@6.2.0
├─ filelist@1.0.4
├─ filesize@8.0.7
├─ fill-range@7.0.1
├─ finalhandler@1.2.0
├─ find-cache-dir@3.3.2
├─ flat-cache@3.0.4
├─ flatted@3.2.7
├─ follow-redirects@1.15.2
├─ fork-ts-checker-webpack-plugin@6.5.3
├─ form-data@3.0.1
├─ forwarded@0.2.0
├─ fraction.js@4.2.0
├─ fs-extra@9.1.0
├─ fs-monkey@1.0.4
├─ function.prototype.name@1.1.5
├─ functions-have-names@1.2.3
├─ gensync@1.0.0-beta.2
├─ get-caller-file@2.0.5
├─ get-own-enumerable-property-symbols@3.0.2
├─ get-package-type@0.1.0
├─ get-stream@6.0.1
├─ get-symbol-description@1.0.0
├─ glob-parent@5.1.2
├─ global-modules@2.0.0
├─ global-prefix@3.0.0
├─ globalthis@1.0.3
├─ globby@11.1.0
├─ grapheme-splitter@1.0.4
├─ graphemer@1.4.0
├─ gzip-size@6.0.0
├─ handle-thing@2.0.1
├─ harmony-reflect@1.6.2
├─ has-bigints@1.0.2
├─ he@1.2.0
├─ hoopy@0.1.4
├─ hpack.js@2.1.6
├─ html-encoding-sniffer@2.0.1
├─ html-entities@2.3.6
├─ html-escaper@2.0.2
├─ html-minifier-terser@6.1.0
├─ html-webpack-plugin@5.5.3
├─ htmlparser2@6.1.0
├─ http-deceiver@1.2.7
├─ http-parser-js@0.5.8
├─ http-proxy-agent@4.0.1
├─ http-proxy-middleware@2.0.6
├─ http-proxy@1.18.1
├─ https-proxy-agent@5.0.1
├─ human-signals@2.1.0
├─ identity-obj-proxy@3.0.0
├─ immer@9.0.21
├─ inherits@2.0.4
├─ ini@1.3.8
├─ internal-slot@1.0.5
├─ ipaddr.js@2.1.0
├─ is-array-buffer@3.0.2
├─ is-arrayish@0.2.1
├─ is-bigint@1.0.4
├─ is-binary-path@2.1.0
├─ is-boolean-object@1.1.2
├─ is-callable@1.2.7
├─ is-date-object@1.0.5
├─ is-docker@2.2.1
├─ is-extglob@2.1.1
├─ is-fullwidth-code-point@3.0.0
├─ is-module@1.0.0
├─ is-negative-zero@2.0.2
├─ is-number-object@1.0.7
├─ is-number@7.0.0
├─ is-obj@1.0.1
├─ is-path-inside@3.0.3
├─ is-plain-obj@3.0.0
├─ is-potential-custom-element-name@1.0.1
├─ is-regexp@1.0.0
├─ is-root@2.1.0
├─ is-shared-array-buffer@1.0.2
├─ is-string@1.0.7
├─ is-symbol@1.0.4
├─ is-weakref@1.0.2
├─ is-wsl@2.2.0
├─ isarray@1.0.0
├─ istanbul-lib-instrument@5.2.1
├─ istanbul-lib-source-maps@4.0.1
├─ istanbul-reports@3.1.5
├─ jake@10.8.7
├─ jest-changed-files@27.5.1
├─ jest-circus@27.5.1
├─ jest-cli@27.5.1
├─ jest-docblock@27.5.1
├─ jest-jasmine2@27.5.1
├─ jest-leak-detector@27.5.1
├─ jest-pnp-resolver@1.2.3
├─ jest-resolve-dependencies@27.5.1
├─ jest-serializer@27.5.1
├─ jest-watch-typeahead@1.1.0
├─ jest-watcher@28.1.3
├─ jest@27.5.1
├─ jiti@1.18.2
├─ js-tokens@4.0.0
├─ jsdom@16.7.0
├─ jsesc@2.5.2
├─ json-parse-even-better-errors@2.3.1
├─ json-schema-traverse@0.4.1
├─ json-schema@0.4.0
├─ json-stable-stringify-without-jsonify@1.0.1
├─ json5@2.2.3
├─ jsonpointer@5.0.1
├─ jsx-ast-utils@3.3.3
├─ kind-of@6.0.3
├─ kleur@3.0.3
├─ klona@2.0.6
├─ language-subtag-registry@0.3.22
├─ language-tags@1.0.5
├─ launch-editor@2.6.0
├─ lilconfig@2.1.0
├─ loader-runner@4.3.0
├─ locate-path@6.0.0
├─ lodash.debounce@4.0.8
├─ lodash.memoize@4.1.2
├─ lodash.merge@4.6.2
├─ lodash.sortby@4.7.0
├─ lodash.uniq@4.5.0
├─ lodash@4.17.21
├─ loose-envify@1.4.0
├─ lower-case@2.0.2
├─ lru-cache@6.0.0
├─ magic-string@0.25.9
├─ make-dir@3.1.0
├─ makeerror@1.0.12
├─ mdn-data@2.0.14
├─ media-typer@0.3.0
├─ memfs@3.5.3
├─ merge-descriptors@1.0.1
├─ merge2@1.4.1
├─ methods@1.1.2
├─ mime-db@1.52.0
├─ mime-types@2.1.35
├─ mime@1.6.0
├─ mimic-fn@2.1.0
├─ mini-css-extract-plugin@2.7.6
├─ minimalistic-assert@1.0.1
├─ mkdirp@0.5.6
├─ ms@2.1.3
├─ multicast-dns@7.2.5
├─ mz@2.7.0
├─ nanoid@3.3.6
├─ natural-compare-lite@1.4.0
├─ negotiator@0.6.3
├─ node-forge@1.3.1
├─ node-int64@0.4.0
├─ node-releases@2.0.12
├─ normalize-range@0.1.2
├─ normalize-url@6.1.0
├─ npm-run-path@4.0.1
├─ nth-check@2.1.1
├─ nwsapi@2.2.5
├─ object-assign@4.1.1
├─ object-hash@3.0.0
├─ object-inspect@1.12.3
├─ object.assign@4.1.4
├─ object.getownpropertydescriptors@2.1.6
├─ object.hasown@1.1.2
├─ object.values@1.1.6
├─ obuf@1.1.2
├─ on-headers@1.0.2
├─ onetime@5.1.2
├─ open@8.4.2
├─ optionator@0.9.1
├─ p-limit@2.3.0
├─ p-locate@5.0.0
├─ p-retry@4.6.2
├─ p-try@2.2.0
├─ param-case@3.0.4
├─ parent-module@1.0.1
├─ parse-json@5.2.0
├─ parse5@6.0.1
├─ pascal-case@3.1.2
├─ path-key@3.1.1
├─ path-to-regexp@0.1.7
├─ performance-now@2.1.0
├─ picomatch@2.3.1
├─ pify@2.3.0
├─ pirates@4.0.5
├─ pkg-dir@4.2.0
├─ pkg-up@3.1.0
├─ postcss-attribute-case-insensitive@5.0.2
├─ postcss-browser-comments@4.0.0
├─ postcss-calc@8.2.4
├─ postcss-clamp@4.1.0
├─ postcss-color-functional-notation@4.2.4
├─ postcss-color-hex-alpha@8.0.4
├─ postcss-color-rebeccapurple@7.1.1
├─ postcss-colormin@5.3.1
├─ postcss-convert-values@5.1.3
├─ postcss-custom-media@8.0.2
├─ postcss-custom-properties@12.1.11
├─ postcss-custom-selectors@6.0.3
├─ postcss-dir-pseudo-class@6.0.5
├─ postcss-discard-comments@5.1.2
├─ postcss-discard-duplicates@5.1.0
├─ postcss-discard-empty@5.1.1
├─ postcss-discard-overridden@5.1.0
├─ postcss-double-position-gradients@3.1.2
├─ postcss-env-function@4.0.6
├─ postcss-flexbugs-fixes@5.0.2
├─ postcss-focus-visible@6.0.4
├─ postcss-focus-within@5.0.4
├─ postcss-font-variant@5.0.0
├─ postcss-gap-properties@3.0.5
├─ postcss-image-set-function@4.0.7
├─ postcss-import@15.1.0
├─ postcss-initial@4.0.1
├─ postcss-js@4.0.1
├─ postcss-lab-function@4.2.1
├─ postcss-load-config@4.0.1
├─ postcss-loader@6.2.1
├─ postcss-logical@5.0.4
├─ postcss-media-minmax@5.0.0
├─ postcss-merge-longhand@5.1.7
├─ postcss-merge-rules@5.1.4
├─ postcss-minify-font-values@5.1.0
├─ postcss-minify-gradients@5.1.1
├─ postcss-minify-params@5.1.4
├─ postcss-minify-selectors@5.2.1
├─ postcss-modules-extract-imports@3.0.0
├─ postcss-modules-local-by-default@4.0.3
├─ postcss-modules-scope@3.0.0
├─ postcss-modules-values@4.0.0
├─ postcss-nested@6.0.1
├─ postcss-nesting@10.2.0
├─ postcss-normalize-charset@5.1.0
├─ postcss-normalize-display-values@5.1.0
├─ postcss-normalize-positions@5.1.1
├─ postcss-normalize-repeat-style@5.1.1
├─ postcss-normalize-string@5.1.0
├─ postcss-normalize-timing-functions@5.1.0
├─ postcss-normalize-unicode@5.1.1
├─ postcss-normalize-url@5.1.0
├─ postcss-normalize-whitespace@5.1.1
├─ postcss-normalize@10.0.1
├─ postcss-opacity-percentage@1.1.3
├─ postcss-ordered-values@5.1.3
├─ postcss-overflow-shorthand@3.0.4
├─ postcss-page-break@3.0.4
├─ postcss-place@7.0.5
├─ postcss-preset-env@7.8.3
├─ postcss-pseudo-class-any-link@7.1.6
├─ postcss-reduce-initial@5.1.2
├─ postcss-reduce-transforms@5.1.0
├─ postcss-replace-overflow-wrap@4.0.0
├─ postcss-selector-not@6.0.1
├─ postcss-svgo@5.1.0
├─ postcss-unique-selectors@5.1.1
├─ postcss@8.4.24
├─ pretty-bytes@5.6.0
├─ pretty-error@4.0.0
├─ process-nextick-args@2.0.1
├─ promise@8.3.0
├─ prompts@2.4.2
├─ prop-types@15.8.1
├─ proxy-addr@2.0.7
├─ psl@1.9.0
├─ q@1.5.1
├─ querystringify@2.2.0
├─ queue-microtask@1.2.3
├─ raf@3.4.1
├─ raw-body@2.5.1
├─ react-app-polyfill@3.0.0
├─ react-dev-utils@12.0.1
├─ react-dom@18.2.0
├─ react-error-overlay@6.0.11
├─ react-is@17.0.2
├─ react-refresh@0.11.0
├─ react-scripts@5.0.1
├─ react@18.2.0
├─ read-cache@1.0.0
├─ readable-stream@3.6.2
├─ readdirp@3.6.0
├─ recursive-readdir@2.2.3
├─ regenerate-unicode-properties@10.1.0
├─ regenerator-runtime@0.13.11
├─ regenerator-transform@0.15.1
├─ regex-parser@2.2.11
├─ regexpu-core@5.3.2
├─ regjsparser@0.9.1
├─ relateurl@0.2.7
├─ renderkid@3.0.0
├─ require-directory@2.1.1
├─ require-from-string@2.0.2
├─ resolve-cwd@3.0.0
├─ resolve-url-loader@4.0.0
├─ resolve.exports@1.1.1
├─ resolve@1.22.2
├─ retry@0.13.1
├─ reusify@1.0.4
├─ rollup-plugin-terser@7.0.2
├─ rollup@2.79.1
├─ run-parallel@1.2.0
├─ safe-array-concat@1.0.0
├─ safe-buffer@5.2.1
├─ safe-regex-test@1.0.0
├─ safer-buffer@2.1.2
├─ sanitize.css@13.0.0
├─ sass-loader@12.6.0
├─ sax@1.2.4
├─ saxes@5.0.1
├─ scheduler@0.23.0
├─ select-hose@2.0.0
├─ selfsigned@2.1.1
├─ serialize-javascript@6.0.1
├─ serve-index@1.9.1
├─ serve-static@1.15.0
├─ shebang-command@2.0.0
├─ shebang-regex@3.0.0
├─ signal-exit@3.0.7
├─ sisteransi@1.0.5
├─ sockjs@0.3.24
├─ source-list-map@2.0.1
├─ source-map-js@1.0.2
├─ source-map-loader@3.0.2
├─ source-map-support@0.5.21
├─ source-map@0.6.1
├─ sourcemap-codec@1.4.8
├─ spdy-transport@3.0.0
├─ spdy@4.0.2
├─ sprintf-js@1.0.3
├─ stackframe@1.3.4
├─ string_decoder@1.3.0
├─ string-natural-compare@3.0.1
├─ string-width@4.2.3
├─ string.prototype.matchall@4.0.8
├─ string.prototype.trim@1.2.7
├─ string.prototype.trimend@1.0.6
├─ string.prototype.trimstart@1.0.6
├─ stringify-object@3.3.0
├─ strip-bom@3.0.0
├─ strip-comments@2.0.1
├─ strip-final-newline@2.0.0
├─ style-loader@3.3.3
├─ stylehacks@5.1.1
├─ sucrase@3.32.0
├─ supports-hyperlinks@2.3.0
├─ svg-parser@2.0.4
├─ svgo@1.3.2
├─ symbol-tree@3.2.4
├─ tailwindcss@3.3.2
├─ tapable@2.2.1
├─ temp-dir@2.0.0
├─ tempy@0.6.0
├─ terminal-link@2.1.1
├─ terser-webpack-plugin@5.3.9
├─ terser@5.18.1
├─ test-exclude@6.0.0
├─ thenify-all@1.6.0
├─ thenify@3.3.1
├─ thunky@1.1.0
├─ tmpl@1.0.5
├─ to-fast-properties@2.0.0
├─ to-regex-range@5.0.1
├─ toidentifier@1.0.1
├─ tough-cookie@4.1.3
├─ tr46@2.1.0
├─ tryer@1.0.1
├─ ts-interface-checker@0.1.13
├─ tsconfig-paths@3.14.2
├─ type-detect@4.0.8
├─ type-fest@0.20.2
├─ typed-array-length@1.0.4
├─ typedarray-to-buffer@3.1.5
├─ unbox-primitive@1.0.2
├─ unicode-canonical-property-names-ecmascript@2.0.0
├─ unicode-match-property-ecmascript@2.0.0
├─ unicode-match-property-value-ecmascript@2.1.0
├─ unicode-property-aliases-ecmascript@2.1.0
├─ unique-string@2.0.0
├─ unquote@1.1.1
├─ update-browserslist-db@1.0.11
├─ url-parse@1.5.10
├─ util-deprecate@1.0.2
├─ util.promisify@1.0.1
├─ utila@0.4.0
├─ utils-merge@1.0.1
├─ uuid@8.3.2
├─ v8-to-istanbul@8.1.1
├─ w3c-hr-time@1.0.2
├─ w3c-xmlserializer@2.0.0
├─ walker@1.0.8
├─ watchpack@2.4.0
├─ wbuf@1.7.3
├─ webpack-dev-middleware@5.3.3
├─ webpack-dev-server@4.15.1
├─ webpack-manifest-plugin@4.1.1
├─ webpack-sources@1.4.3
├─ webpack@5.87.0
├─ websocket-driver@0.7.4
├─ websocket-extensions@0.1.4
├─ whatwg-fetch@3.6.2
├─ whatwg-url@8.7.0
├─ which-boxed-primitive@1.0.2
├─ which-typed-array@1.1.9
├─ which@2.0.2
├─ word-wrap@1.2.3
├─ workbox-broadcast-update@6.6.1
├─ workbox-build@6.6.1
├─ workbox-google-analytics@6.6.1
├─ workbox-navigation-preload@6.6.1
├─ workbox-range-requests@6.6.1
├─ workbox-recipes@6.6.1
├─ workbox-streams@6.6.1
├─ workbox-sw@6.6.1
├─ workbox-webpack-plugin@6.6.1
├─ workbox-window@6.6.1
├─ wrap-ansi@7.0.0
├─ write-file-atomic@3.0.3
├─ ws@8.13.0
├─ xmlchars@2.2.0
├─ y18n@5.0.8
├─ yallist@4.0.0
├─ yaml@1.10.2
├─ yargs-parser@20.2.9
├─ yargs@16.2.0
└─ yocto-queue@0.1.0
Done in 31.11s.
Git repo not initialized Error: Command failed: git --version
    at checkExecSyncError (node:child_process:885:11)
    at execSync (node:child_process:957:15)
    at tryGitInit (/usr/src/app/web_ui/node_modules/react-scripts/scripts/init.js:46:5)
    at module.exports (/usr/src/app/web_ui/node_modules/react-scripts/scripts/init.js:276:7)
    at [eval]:3:14
    at Script.runInThisContext (node:vm:122:12)
    at Object.runInThisContext (node:vm:298:38)
    at node:internal/process/execution:83:21
    at [eval]-wrapper:6:24 {
  status: 127,
  signal: null,
  output: [ null, null, null ],
  pid: 302,
  stdout: null,
  stderr: null
}

Installing template dependencies using yarnpkg...
yarn add v1.22.19
[1/4] Resolving packages...
[2/4] Fetching packages...
[3/4] Linking dependencies...
warning "react-scripts > eslint-config-react-app > eslint-plugin-flowtype@8.0.3" has unmet peer dependency "@babel/plugin-syntax-flow@^7.14.5".
warning "react-scripts > eslint-config-react-app > eslint-plugin-flowtype@8.0.3" has unmet peer dependency "@babel/plugin-transform-react-jsx@^7.14.9".
warning " > @testing-library/user-event@13.5.0" has unmet peer dependency "@testing-library/dom@>=7.21.4".
[4/4] Building fresh packages...
success Saved lockfile.
success Saved 34 new dependencies.
info Direct dependencies
├─ @testing-library/jest-dom@5.16.5
├─ @testing-library/react@13.4.0
├─ @testing-library/user-event@13.5.0
├─ @types/jest@27.5.2
├─ @types/node@16.18.36
├─ @types/react@18.2.13
├─ react-dom@18.2.0
├─ react@18.2.0
├─ typescript@4.9.5
└─ web-vitals@2.1.4
info All dependencies
├─ @adobe/css-tools@4.2.0
├─ @jest/expect-utils@29.5.0
├─ @testing-library/dom@8.20.1
├─ @testing-library/jest-dom@5.16.5
├─ @testing-library/react@13.4.0
├─ @testing-library/user-event@13.5.0
├─ @types/aria-query@5.0.1
├─ @types/jest@27.5.2
├─ @types/node@16.18.36
├─ @types/prop-types@15.7.5
├─ @types/react@18.2.13
├─ @types/scheduler@0.16.3
├─ @types/testing-library__jest-dom@5.14.6
├─ css.escape@1.5.1
├─ csstype@3.1.2
├─ deep-equal@2.2.1
├─ dom-accessibility-api@0.5.16
├─ es-get-iterator@1.1.3
├─ indent-string@4.0.0
├─ is-map@2.0.2
├─ is-set@2.0.2
├─ is-weakmap@2.0.1
├─ is-weakset@2.0.2
├─ lz-string@1.5.0
├─ min-indent@1.0.1
├─ object-is@1.1.5
├─ react-dom@18.2.0
├─ react@18.2.0
├─ redent@3.0.0
├─ stop-iteration-iterator@1.0.0
├─ strip-indent@3.0.0
├─ typescript@4.9.5
├─ web-vitals@2.1.4
└─ which-collection@1.0.1
Done in 9.18s.

We detected TypeScript in your project (src/App.test.tsx) and created a tsconfig.json file for you.

Your tsconfig.json has been populated with default values.

Removing template package using yarnpkg...

yarn remove v1.22.19
[1/2] Removing module cra-template-typescript...
[2/2] Regenerating lockfile and installing missing dependencies...
warning " > @testing-library/user-event@13.5.0" has unmet peer dependency "@testing-library/dom@>=7.21.4".
warning "react-scripts > eslint-config-react-app > eslint-plugin-flowtype@8.0.3" has unmet peer dependency "@babel/plugin-syntax-flow@^7.14.5".
warning "react-scripts > eslint-config-react-app > eslint-plugin-flowtype@8.0.3" has unmet peer dependency "@babel/plugin-transform-react-jsx@^7.14.9".
success Uninstalled packages.
Done in 2.87s.

Success! Created web_ui at /usr/src/app/web_ui
Inside that directory, you can run several commands:

  yarn start
    Starts the development server.

  yarn build
    Bundles the app into static files for production.

  yarn test
    Starts the test runner.

  yarn eject
    Removes this tool and copies build dependencies, configuration files
    and scripts into the app directory. If you do this, you can’t go back!

We suggest that you begin by typing:

  cd web_ui
  yarn start

Happy hacking!
Done in 48.31s.
